bert.embeddings.word_embeddings.weight: weight_scale=4.179060e-02, input_scale=1.0 (default)
  bert.embeddings.position_embeddings.weight: weight_scale=3.824073e-02, input_scale=1.0 (default)
  bert.embeddings.token_type_embeddings.weight: weight_scale=2.711730e-02, input_scale=1.0 (default)
  bert.embeddings.LayerNorm.bias: FP32 (fallback)
  bert.encoder.layers.0.attention.q.weight: weight_scale=2.832257e-04, input_scale=3.618423e-02
  bert.encoder.layers.0.attention.q.bias: INT32, bias_scale=1.024830e-05
  bert.encoder.layers.0.attention.k.weight: weight_scale=2.832250e-04, input_scale=3.618423e-02
  bert.encoder.layers.0.attention.k.bias: INT32, bias_scale=1.024828e-05
  bert.encoder.layers.0.attention.v.weight: weight_scale=4.339323e-04, input_scale=3.618423e-02
  bert.encoder.layers.0.attention.v.bias: INT32, bias_scale=1.570151e-05
  bert.encoder.layers.0.attention.out.weight: weight_scale=3.812780e-04, input_scale=6.728415e-03
  bert.encoder.layers.0.attention.out.bias: INT32, bias_scale=2.565397e-06
  bert.encoder.layers.0.attn_layer_norm.bias: FP32 (fallback)
  bert.encoder.layers.0.ffn.dense_1.weight: weight_scale=2.832261e-04, input_scale=3.474632e-02
  bert.encoder.layers.0.ffn.dense_1.bias: INT32, bias_scale=9.841065e-06
  bert.encoder.layers.0.ffn.dense_2.weight: weight_scale=2.967519e-04, input_scale=2.015636e-02
  bert.encoder.layers.0.ffn.dense_2.bias: INT32, bias_scale=5.981438e-06
  bert.encoder.layers.0.ffn_layer_norm.bias: FP32 (fallback)
  bert.encoder.layers.1.attention.q.weight: weight_scale=2.832260e-04, input_scale=3.714205e-02
  bert.encoder.layers.1.attention.q.bias: INT32, bias_scale=1.051960e-05
  bert.encoder.layers.1.attention.k.weight: weight_scale=2.832253e-04, input_scale=3.714205e-02
  bert.encoder.layers.1.attention.k.bias: INT32, bias_scale=1.051957e-05
  bert.encoder.layers.1.attention.v.weight: weight_scale=3.653257e-04, input_scale=3.714205e-02
  bert.encoder.layers.1.attention.v.bias: INT32, bias_scale=1.356895e-05
  bert.encoder.layers.1.attention.out.weight: weight_scale=3.441870e-04, input_scale=6.585679e-03
  bert.encoder.layers.1.attention.out.bias: INT32, bias_scale=2.266705e-06
  bert.encoder.layers.1.attn_layer_norm.bias: FP32 (fallback)
  bert.encoder.layers.1.ffn.dense_1.weight: weight_scale=2.832262e-04, input_scale=3.579204e-02
  bert.encoder.layers.1.ffn.dense_1.bias: INT32, bias_scale=1.013724e-05
  bert.encoder.layers.1.ffn.dense_2.weight: weight_scale=2.632843e-04, input_scale=2.046066e-02
  bert.encoder.layers.1.ffn.dense_2.bias: INT32, bias_scale=5.386971e-06
  bert.encoder.layers.1.ffn_layer_norm.bias: FP32 (fallback)
  bert.encoder.layers.2.attention.q.weight: weight_scale=2.832253e-04, input_scale=3.789729e-02
  bert.encoder.layers.2.attention.q.bias: INT32, bias_scale=1.073347e-05
  bert.encoder.layers.2.attention.k.weight: weight_scale=2.832254e-04, input_scale=3.789729e-02
  bert.encoder.layers.2.attention.k.bias: INT32, bias_scale=1.073347e-05
  bert.encoder.layers.2.attention.v.weight: weight_scale=3.378437e-04, input_scale=3.789729e-02
  bert.encoder.layers.2.attention.v.bias: INT32, bias_scale=1.280336e-05
  bert.encoder.layers.2.attention.out.weight: weight_scale=3.414965e-04, input_scale=1.214582e-02
  bert.encoder.layers.2.attention.out.bias: INT32, bias_scale=4.147756e-06
  bert.encoder.layers.2.attn_layer_norm.bias: FP32 (fallback)
  bert.encoder.layers.2.ffn.dense_1.weight: weight_scale=2.832261e-04, input_scale=3.633294e-02
  bert.encoder.layers.2.ffn.dense_1.bias: INT32, bias_scale=1.029044e-05
  bert.encoder.layers.2.ffn.dense_2.weight: weight_scale=2.160999e-04, input_scale=2.064595e-02
  bert.encoder.layers.2.ffn.dense_2.bias: INT32, bias_scale=4.461588e-06
  bert.encoder.layers.2.ffn_layer_norm.bias: FP32 (fallback)
  bert.encoder.layers.3.attention.q.weight: weight_scale=2.832258e-04, input_scale=3.884789e-02
  bert.encoder.layers.3.attention.q.bias: INT32, bias_scale=1.100273e-05
  bert.encoder.layers.3.attention.k.weight: weight_scale=2.832258e-04, input_scale=3.884789e-02
  bert.encoder.layers.3.attention.k.bias: INT32, bias_scale=1.100272e-05
  bert.encoder.layers.3.attention.v.weight: weight_scale=3.200249e-04, input_scale=3.884789e-02
  bert.encoder.layers.3.attention.v.bias: INT32, bias_scale=1.243229e-05
  bert.encoder.layers.3.attention.out.weight: weight_scale=3.224765e-04, input_scale=1.170126e-02
  bert.encoder.layers.3.attention.out.bias: INT32, bias_scale=3.773380e-06
  bert.encoder.layers.3.attn_layer_norm.bias: FP32 (fallback)
  bert.encoder.layers.3.ffn.dense_1.weight: weight_scale=2.832261e-04, input_scale=3.820059e-02
  bert.encoder.layers.3.ffn.dense_1.bias: INT32, bias_scale=1.081940e-05
  bert.encoder.layers.3.ffn.dense_2.weight: weight_scale=2.158613e-04, input_scale=2.108006e-02
  bert.encoder.layers.3.ffn.dense_2.bias: INT32, bias_scale=4.550369e-06
  bert.encoder.layers.3.ffn_layer_norm.bias: FP32 (fallback)
  bert.encoder.layers.4.attention.q.weight: weight_scale=2.832251e-04, input_scale=4.037670e-02
  bert.encoder.layers.4.attention.q.bias: INT32, bias_scale=1.143569e-05
  bert.encoder.layers.4.attention.k.weight: weight_scale=2.832250e-04, input_scale=4.037670e-02
  bert.encoder.layers.4.attention.k.bias: INT32, bias_scale=1.143569e-05
  bert.encoder.layers.4.attention.v.weight: weight_scale=3.218531e-04, input_scale=4.037670e-02
  bert.encoder.layers.4.attention.v.bias: INT32, bias_scale=1.299537e-05
  bert.encoder.layers.4.attention.out.weight: weight_scale=3.269774e-04, input_scale=1.159029e-02
  bert.encoder.layers.4.attention.out.bias: INT32, bias_scale=3.789763e-06
  bert.encoder.layers.4.attn_layer_norm.bias: FP32 (fallback)
  bert.encoder.layers.4.ffn.dense_1.weight: weight_scale=2.832262e-04, input_scale=3.808503e-02
  bert.encoder.layers.4.ffn.dense_1.bias: INT32, bias_scale=1.078668e-05
  bert.encoder.layers.4.ffn.dense_2.weight: weight_scale=2.281167e-04, input_scale=2.123735e-02
  bert.encoder.layers.4.ffn.dense_2.bias: INT32, bias_scale=4.844595e-06
  bert.encoder.layers.4.ffn_layer_norm.bias: FP32 (fallback)
  bert.encoder.layers.5.attention.q.weight: weight_scale=2.832254e-04, input_scale=4.348556e-02
  bert.encoder.layers.5.attention.q.bias: INT32, bias_scale=1.231622e-05
  bert.encoder.layers.5.attention.k.weight: weight_scale=2.832259e-04, input_scale=4.348556e-02
  bert.encoder.layers.5.attention.k.bias: INT32, bias_scale=1.231624e-05
  bert.encoder.layers.5.attention.v.weight: weight_scale=3.229088e-04, input_scale=4.348556e-02
  bert.encoder.layers.5.attention.v.bias: INT32, bias_scale=1.404187e-05
  bert.encoder.layers.5.attention.out.weight: weight_scale=3.236848e-04, input_scale=1.148515e-02
  bert.encoder.layers.5.attention.out.bias: INT32, bias_scale=3.717568e-06
  bert.encoder.layers.5.attn_layer_norm.bias: FP32 (fallback)
  bert.encoder.layers.5.ffn.dense_1.weight: weight_scale=2.832261e-04, input_scale=3.993408e-02
  bert.encoder.layers.5.ffn.dense_1.bias: INT32, bias_scale=1.131037e-05
  bert.encoder.layers.5.ffn.dense_2.weight: weight_scale=2.232321e-04, input_scale=2.087964e-02
  bert.encoder.layers.5.ffn.dense_2.bias: INT32, bias_scale=4.661005e-06
  bert.encoder.layers.5.ffn_layer_norm.bias: FP32 (fallback)
  bert.encoder.layers.6.attention.q.weight: weight_scale=2.832257e-04, input_scale=4.305692e-02
  bert.encoder.layers.6.attention.q.bias: INT32, bias_scale=1.219483e-05
  bert.encoder.layers.6.attention.k.weight: weight_scale=2.832259e-04, input_scale=4.305692e-02
  bert.encoder.layers.6.attention.k.bias: INT32, bias_scale=1.219484e-05
  bert.encoder.layers.6.attention.v.weight: weight_scale=3.242938e-04, input_scale=4.305692e-02
  bert.encoder.layers.6.attention.v.bias: INT32, bias_scale=1.396309e-05
  bert.encoder.layers.6.attention.out.weight: weight_scale=3.440472e-04, input_scale=1.106617e-02
  bert.encoder.layers.6.attention.out.bias: INT32, bias_scale=3.807285e-06
  bert.encoder.layers.6.attn_layer_norm.bias: FP32 (fallback)
  bert.encoder.layers.6.ffn.dense_1.weight: weight_scale=2.832261e-04, input_scale=4.370632e-02
  bert.encoder.layers.6.ffn.dense_1.bias: INT32, bias_scale=1.237877e-05
  bert.encoder.layers.6.ffn.dense_2.weight: weight_scale=2.192541e-04, input_scale=2.305110e-02
  bert.encoder.layers.6.ffn.dense_2.bias: INT32, bias_scale=5.054048e-06
  bert.encoder.layers.6.ffn_layer_norm.bias: FP32 (fallback)
  bert.encoder.layers.7.attention.q.weight: weight_scale=2.832258e-04, input_scale=4.367065e-02
  bert.encoder.layers.7.attention.q.bias: INT32, bias_scale=1.236866e-05
  bert.encoder.layers.7.attention.k.weight: weight_scale=2.832259e-04, input_scale=4.367065e-02
  bert.encoder.layers.7.attention.k.bias: INT32, bias_scale=1.236866e-05
  bert.encoder.layers.7.attention.v.weight: weight_scale=3.288310e-04, input_scale=4.367065e-02
  bert.encoder.layers.7.attention.v.bias: INT32, bias_scale=1.436026e-05
  bert.encoder.layers.7.attention.out.weight: weight_scale=3.233760e-04, input_scale=1.230308e-02
  bert.encoder.layers.7.attention.out.bias: INT32, bias_scale=3.978520e-06
  bert.encoder.layers.7.attn_layer_norm.bias: FP32 (fallback)
  bert.encoder.layers.7.ffn.dense_1.weight: weight_scale=2.832262e-04, input_scale=4.202921e-02
  bert.encoder.layers.7.ffn.dense_1.bias: INT32, bias_scale=1.190377e-05
  bert.encoder.layers.7.ffn.dense_2.weight: weight_scale=2.295418e-04, input_scale=2.125059e-02
  bert.encoder.layers.7.ffn.dense_2.bias: INT32, bias_scale=4.877898e-06
  bert.encoder.layers.7.ffn_layer_norm.bias: FP32 (fallback)
  bert.encoder.layers.8.attention.q.weight: weight_scale=2.832259e-04, input_scale=4.606827e-02
  bert.encoder.layers.8.attention.q.bias: INT32, bias_scale=1.304773e-05
  bert.encoder.layers.8.attention.k.weight: weight_scale=2.832255e-04, input_scale=4.606827e-02
  bert.encoder.layers.8.attention.k.bias: INT32, bias_scale=1.304771e-05
  bert.encoder.layers.8.attention.v.weight: weight_scale=3.300234e-04, input_scale=4.606827e-02
  bert.encoder.layers.8.attention.v.bias: INT32, bias_scale=1.520361e-05
  bert.encoder.layers.8.attention.out.weight: weight_scale=3.279063e-04, input_scale=1.308378e-02
  bert.encoder.layers.8.attention.out.bias: INT32, bias_scale=4.290255e-06
  bert.encoder.layers.8.attn_layer_norm.bias: FP32 (fallback)
  bert.encoder.layers.8.ffn.dense_1.weight: weight_scale=2.832262e-04, input_scale=4.321998e-02
  bert.encoder.layers.8.ffn.dense_1.bias: INT32, bias_scale=1.224103e-05
  bert.encoder.layers.8.ffn.dense_2.weight: weight_scale=2.370025e-04, input_scale=2.094160e-02
  bert.encoder.layers.8.ffn.dense_2.bias: INT32, bias_scale=4.963212e-06
  bert.encoder.layers.8.ffn_layer_norm.bias: FP32 (fallback)
  bert.encoder.layers.9.attention.q.weight: weight_scale=2.832259e-04, input_scale=4.427691e-02
  bert.encoder.layers.9.attention.q.bias: INT32, bias_scale=1.254037e-05
  bert.encoder.layers.9.attention.k.weight: weight_scale=2.832258e-04, input_scale=4.427691e-02
  bert.encoder.layers.9.attention.k.bias: INT32, bias_scale=1.254036e-05
  bert.encoder.layers.9.attention.v.weight: weight_scale=3.418109e-04, input_scale=4.427691e-02
  bert.encoder.layers.9.attention.v.bias: INT32, bias_scale=1.513433e-05
  bert.encoder.layers.9.attention.out.weight: weight_scale=3.331506e-04, input_scale=1.146439e-02
  bert.encoder.layers.9.attention.out.bias: INT32, bias_scale=3.819369e-06
  bert.encoder.layers.9.attn_layer_norm.bias: FP32 (fallback)
  bert.encoder.layers.9.ffn.dense_1.weight: weight_scale=2.832262e-04, input_scale=4.218797e-02
  bert.encoder.layers.9.ffn.dense_1.bias: INT32, bias_scale=1.194874e-05
  bert.encoder.layers.9.ffn.dense_2.weight: weight_scale=2.335211e-04, input_scale=2.129332e-02
  bert.encoder.layers.9.ffn.dense_2.bias: INT32, bias_scale=4.972439e-06
  bert.encoder.layers.9.ffn_layer_norm.bias: FP32 (fallback)
  bert.encoder.layers.10.attention.q.weight: weight_scale=2.832258e-04, input_scale=4.480163e-02
  bert.encoder.layers.10.attention.q.bias: INT32, bias_scale=1.268898e-05
  bert.encoder.layers.10.attention.k.weight: weight_scale=2.832260e-04, input_scale=4.480163e-02
  bert.encoder.layers.10.attention.k.bias: INT32, bias_scale=1.268899e-05
  bert.encoder.layers.10.attention.v.weight: weight_scale=3.353675e-04, input_scale=4.480163e-02
  bert.encoder.layers.10.attention.v.bias: INT32, bias_scale=1.502501e-05
  bert.encoder.layers.10.attention.out.weight: weight_scale=3.291286e-04, input_scale=1.263904e-02
  bert.encoder.layers.10.attention.out.bias: INT32, bias_scale=4.159868e-06
  bert.encoder.layers.10.attn_layer_norm.bias: FP32 (fallback)
  bert.encoder.layers.10.ffn.dense_1.weight: weight_scale=2.832257e-04, input_scale=4.148480e-02
  bert.encoder.layers.10.ffn.dense_1.bias: INT32, bias_scale=1.174956e-05
  bert.encoder.layers.10.ffn.dense_2.weight: weight_scale=2.249563e-04, input_scale=2.050218e-02
  bert.encoder.layers.10.ffn.dense_2.bias: INT32, bias_scale=4.612096e-06
  bert.encoder.layers.10.ffn_layer_norm.bias: FP32 (fallback)
  bert.encoder.layers.11.attention.q.weight: weight_scale=2.832262e-04, input_scale=4.674687e-02
  bert.encoder.layers.11.attention.q.bias: INT32, bias_scale=1.323994e-05
  bert.encoder.layers.11.attention.k.weight: weight_scale=2.832254e-04, input_scale=4.674687e-02
  bert.encoder.layers.11.attention.k.bias: INT32, bias_scale=1.323990e-05
  bert.encoder.layers.11.attention.v.weight: weight_scale=3.370485e-04, input_scale=4.674687e-02
  bert.encoder.layers.11.attention.v.bias: INT32, bias_scale=1.575596e-05
  bert.encoder.layers.11.attention.out.weight: weight_scale=3.386422e-04, input_scale=1.357146e-02
  bert.encoder.layers.11.attention.out.bias: INT32, bias_scale=4.595869e-06
  bert.encoder.layers.11.attn_layer_norm.bias: FP32 (fallback)
  bert.encoder.layers.11.ffn.dense_1.weight: weight_scale=2.832262e-04, input_scale=4.205589e-02
  bert.encoder.layers.11.ffn.dense_1.bias: INT32, bias_scale=1.191133e-05
  bert.encoder.layers.11.ffn.dense_2.weight: weight_scale=2.256491e-04, input_scale=2.149374e-02
  bert.encoder.layers.11.ffn.dense_2.bias: INT32, bias_scale=4.850043e-06
  bert.encoder.layers.11.ffn_layer_norm.bias: FP32 (fallback)
  bert.pooler.weight: weight_scale=3.298105e-04, input_scale=1.0 (default)
  bert.pooler.bias: INT32, bias_scale=3.298105e-04
  classifier.weight: weight_scale=2.791997e-04, input_scale=7.818892e-03
  classifier.bias: INT32, bias_scale=2.183032e-06

  Saved quantized weights to: /kaggle/working/weights_with_scales.npz
  act_scale  bert.encoder.layers.0.attention.q.output_scale: 2.285470e-02
  act_scale  bert.encoder.layers.0.attention.k.output_scale: 2.041307e-02
  act_scale  bert.encoder.layers.0.attention.v.output_scale: 1.762649e-02
  act_scale  bert.encoder.layers.0.attention.softmax.output_scale: 1.479502e-03
  act_scale  bert.encoder.layers.0.attention.ctx.output_scale: 6.728415e-03
  act_scale  bert.encoder.layers.0.attention.out.output_scale: 3.494775e-03
  act_scale  bert.encoder.layers.0.residual1.x_scale: 3.618423e-02
  act_scale  bert.encoder.layers.0.residual1.attn_scale: 3.494775e-03
  act_scale  bert.encoder.layers.0.attn_layer_norm.output_scale: 3.637287e-02
  act_scale  bert.encoder.layers.0.ffn.gcu.output_scale: 2.156319e-02
  act_scale  bert.encoder.layers.0.ffn.dense_2.output_scale: 1.596291e-02
  act_scale  bert.encoder.layers.0.residual2.x_scale: 3.637287e-02
  act_scale  bert.encoder.layers.0.residual2.ffn_scale: 1.596291e-02
  act_scale  bert.encoder.layers.0.ffn_layer_norm.output_scale: 3.714206e-02
  act_scale  bert.encoder.layers.1.attention.q.output_scale: 2.139787e-02
  act_scale  bert.encoder.layers.1.attention.k.output_scale: 2.086299e-02
  act_scale  bert.encoder.layers.1.attention.v.output_scale: 2.141324e-02
  act_scale  bert.encoder.layers.1.attention.softmax.output_scale: 1.757764e-03
  act_scale  bert.encoder.layers.1.attention.ctx.output_scale: 6.585679e-03
  act_scale  bert.encoder.layers.1.attention.out.output_scale: 6.017693e-03
  act_scale  bert.encoder.layers.1.residual1.x_scale: 3.714205e-02
  act_scale  bert.encoder.layers.1.residual1.attn_scale: 6.017693e-03
  act_scale  bert.encoder.layers.1.attn_layer_norm.output_scale: 3.763601e-02
  act_scale  bert.encoder.layers.1.ffn.gcu.output_scale: 2.188230e-02
  act_scale  bert.encoder.layers.1.ffn.dense_2.output_scale: 1.361567e-02
  act_scale  bert.encoder.layers.1.residual2.x_scale: 3.763601e-02
  act_scale  bert.encoder.layers.1.residual2.ffn_scale: 1.361567e-02
  act_scale  bert.encoder.layers.1.ffn_layer_norm.output_scale: 3.789729e-02
  act_scale  bert.encoder.layers.2.attention.q.output_scale: 2.072958e-02
  act_scale  bert.encoder.layers.2.attention.k.output_scale: 2.157689e-02
  act_scale  bert.encoder.layers.2.attention.v.output_scale: 2.305728e-02
  act_scale  bert.encoder.layers.2.attention.softmax.output_scale: 1.685916e-03
  act_scale  bert.encoder.layers.2.attention.ctx.output_scale: 1.214582e-02
  act_scale  bert.encoder.layers.2.attention.out.output_scale: 1.404412e-02
  act_scale  bert.encoder.layers.2.residual1.x_scale: 3.789729e-02
  act_scale  bert.encoder.layers.2.residual1.attn_scale: 1.404412e-02
  act_scale  bert.encoder.layers.2.attn_layer_norm.output_scale: 3.826924e-02
  act_scale  bert.encoder.layers.2.ffn.gcu.output_scale: 2.286079e-02
  act_scale  bert.encoder.layers.2.ffn.dense_2.output_scale: 1.310311e-02
  act_scale  bert.encoder.layers.2.residual2.x_scale: 3.826924e-02
  act_scale  bert.encoder.layers.2.residual2.ffn_scale: 1.310311e-02
  act_scale  bert.encoder.layers.2.ffn_layer_norm.output_scale: 3.884789e-02
  act_scale  bert.encoder.layers.3.attention.q.output_scale: 2.220442e-02
  act_scale  bert.encoder.layers.3.attention.k.output_scale: 2.160620e-02
  act_scale  bert.encoder.layers.3.attention.v.output_scale: 2.243904e-02
  act_scale  bert.encoder.layers.3.attention.softmax.output_scale: 1.609502e-03
  act_scale  bert.encoder.layers.3.attention.ctx.output_scale: 1.170126e-02
  act_scale  bert.encoder.layers.3.attention.out.output_scale: 1.011364e-02
  act_scale  bert.encoder.layers.3.residual1.x_scale: 3.884789e-02
  act_scale  bert.encoder.layers.3.residual1.attn_scale: 1.011364e-02
  act_scale  bert.encoder.layers.3.attn_layer_norm.output_scale: 4.012262e-02
  act_scale  bert.encoder.layers.3.ffn.gcu.output_scale: 2.181694e-02
  act_scale  bert.encoder.layers.3.ffn.dense_2.output_scale: 1.781170e-02
  act_scale  bert.encoder.layers.3.residual2.x_scale: 4.012262e-02
  act_scale  bert.encoder.layers.3.residual2.ffn_scale: 1.781170e-02
  act_scale  bert.encoder.layers.3.ffn_layer_norm.output_scale: 4.037670e-02
  act_scale  bert.encoder.layers.4.attention.q.output_scale: 2.214165e-02
  act_scale  bert.encoder.layers.4.attention.k.output_scale: 2.256418e-02
  act_scale  bert.encoder.layers.4.attention.v.output_scale: 2.114963e-02
  act_scale  bert.encoder.layers.4.attention.softmax.output_scale: 1.508097e-03
  act_scale  bert.encoder.layers.4.attention.ctx.output_scale: 1.159029e-02
  act_scale  bert.encoder.layers.4.attention.out.output_scale: 9.924728e-03
  act_scale  bert.encoder.layers.4.residual1.x_scale: 4.037670e-02
  act_scale  bert.encoder.layers.4.residual1.attn_scale: 9.924728e-03
  act_scale  bert.encoder.layers.4.attn_layer_norm.output_scale: 4.082898e-02
  act_scale  bert.encoder.layers.4.ffn.gcu.output_scale: 2.211299e-02
  act_scale  bert.encoder.layers.4.ffn.dense_2.output_scale: 1.673189e-02
  act_scale  bert.encoder.layers.4.residual2.x_scale: 4.082898e-02
  act_scale  bert.encoder.layers.4.residual2.ffn_scale: 1.673189e-02
  act_scale  bert.encoder.layers.4.ffn_layer_norm.output_scale: 4.348556e-02
  act_scale  bert.encoder.layers.5.attention.q.output_scale: 2.169141e-02
  act_scale  bert.encoder.layers.5.attention.k.output_scale: 2.129057e-02
  act_scale  bert.encoder.layers.5.attention.v.output_scale: 2.087481e-02
  act_scale  bert.encoder.layers.5.attention.softmax.output_scale: 1.460278e-03
  act_scale  bert.encoder.layers.5.attention.ctx.output_scale: 1.148515e-02
  act_scale  bert.encoder.layers.5.attention.out.output_scale: 8.717823e-03
  act_scale  bert.encoder.layers.5.residual1.x_scale: 4.348556e-02
  act_scale  bert.encoder.layers.5.residual1.attn_scale: 8.717823e-03
  act_scale  bert.encoder.layers.5.attn_layer_norm.output_scale: 4.334035e-02
  act_scale  bert.encoder.layers.5.ffn.gcu.output_scale: 2.270508e-02
  act_scale  bert.encoder.layers.5.ffn.dense_2.output_scale: 1.540340e-02
  act_scale  bert.encoder.layers.5.residual2.x_scale: 4.334035e-02
  act_scale  bert.encoder.layers.5.residual2.ffn_scale: 1.540340e-02
  act_scale  bert.encoder.layers.5.ffn_layer_norm.output_scale: 4.305692e-02
  act_scale  bert.encoder.layers.6.attention.q.output_scale: 2.207480e-02
  act_scale  bert.encoder.layers.6.attention.k.output_scale: 2.107488e-02
  act_scale  bert.encoder.layers.6.attention.v.output_scale: 2.087277e-02
  act_scale  bert.encoder.layers.6.attention.softmax.output_scale: 1.514345e-03
  act_scale  bert.encoder.layers.6.attention.ctx.output_scale: 1.106617e-02
  act_scale  bert.encoder.layers.6.attention.out.output_scale: 9.543492e-03
  act_scale  bert.encoder.layers.6.residual1.x_scale: 4.305692e-02
  act_scale  bert.encoder.layers.6.residual1.attn_scale: 9.543492e-03
  act_scale  bert.encoder.layers.6.attn_layer_norm.output_scale: 4.520045e-02
  act_scale  bert.encoder.layers.6.ffn.gcu.output_scale: 2.365281e-02
  act_scale  bert.encoder.layers.6.ffn.dense_2.output_scale: 2.076684e-02
  act_scale  bert.encoder.layers.6.residual2.x_scale: 4.520045e-02
  act_scale  bert.encoder.layers.6.residual2.ffn_scale: 2.076684e-02
  act_scale  bert.encoder.layers.6.ffn_layer_norm.output_scale: 4.367065e-02
  act_scale  bert.encoder.layers.7.attention.q.output_scale: 2.098201e-02
  act_scale  bert.encoder.layers.7.attention.k.output_scale: 2.106544e-02
  act_scale  bert.encoder.layers.7.attention.v.output_scale: 2.181975e-02
  act_scale  bert.encoder.layers.7.attention.softmax.output_scale: 1.431683e-03
  act_scale  bert.encoder.layers.7.attention.ctx.output_scale: 1.230308e-02
  act_scale  bert.encoder.layers.7.attention.out.output_scale: 8.393205e-03
  act_scale  bert.encoder.layers.7.residual1.x_scale: 4.367065e-02
  act_scale  bert.encoder.layers.7.residual1.attn_scale: 8.393205e-03
  act_scale  bert.encoder.layers.7.attn_layer_norm.output_scale: 4.429050e-02
  act_scale  bert.encoder.layers.7.ffn.gcu.output_scale: 2.261473e-02
  act_scale  bert.encoder.layers.7.ffn.dense_2.output_scale: 1.837157e-02
  act_scale  bert.encoder.layers.7.residual2.x_scale: 4.429050e-02
  act_scale  bert.encoder.layers.7.residual2.ffn_scale: 1.837157e-02
  act_scale  bert.encoder.layers.7.ffn_layer_norm.output_scale: 4.606827e-02
  act_scale  bert.encoder.layers.8.attention.q.output_scale: 2.084114e-02
  act_scale  bert.encoder.layers.8.attention.k.output_scale: 2.121904e-02
  act_scale  bert.encoder.layers.8.attention.v.output_scale: 2.105066e-02
  act_scale  bert.encoder.layers.8.attention.softmax.output_scale: 1.600371e-03
  act_scale  bert.encoder.layers.8.attention.ctx.output_scale: 1.308378e-02
  act_scale  bert.encoder.layers.8.attention.out.output_scale: 9.178214e-03
  act_scale  bert.encoder.layers.8.residual1.x_scale: 4.606827e-02
  act_scale  bert.encoder.layers.8.residual1.attn_scale: 9.178214e-03
  act_scale  bert.encoder.layers.8.attn_layer_norm.output_scale: 4.531028e-02
  act_scale  bert.encoder.layers.8.ffn.gcu.output_scale: 2.204571e-02
  act_scale  bert.encoder.layers.8.ffn.dense_2.output_scale: 1.851859e-02
  act_scale  bert.encoder.layers.8.residual2.x_scale: 4.531028e-02
  act_scale  bert.encoder.layers.8.residual2.ffn_scale: 1.851859e-02
  act_scale  bert.encoder.layers.8.ffn_layer_norm.output_scale: 4.427691e-02
  act_scale  bert.encoder.layers.9.attention.q.output_scale: 2.076484e-02
  act_scale  bert.encoder.layers.9.attention.k.output_scale: 2.100112e-02
  act_scale  bert.encoder.layers.9.attention.v.output_scale: 2.191469e-02
  act_scale  bert.encoder.layers.9.attention.softmax.output_scale: 1.392274e-03
  act_scale  bert.encoder.layers.9.attention.ctx.output_scale: 1.146439e-02
  act_scale  bert.encoder.layers.9.attention.out.output_scale: 1.065145e-02
  act_scale  bert.encoder.layers.9.residual1.x_scale: 4.427691e-02
  act_scale  bert.encoder.layers.9.residual1.attn_scale: 1.065145e-02
  act_scale  bert.encoder.layers.9.attn_layer_norm.output_scale: 4.529498e-02
  act_scale  bert.encoder.layers.9.ffn.gcu.output_scale: 2.219757e-02
  act_scale  bert.encoder.layers.9.ffn.dense_2.output_scale: 2.096580e-02
  act_scale  bert.encoder.layers.9.residual2.x_scale: 4.529498e-02
  act_scale  bert.encoder.layers.9.residual2.ffn_scale: 2.096580e-02
  act_scale  bert.encoder.layers.9.ffn_layer_norm.output_scale: 4.480163e-02
  act_scale  bert.encoder.layers.10.attention.q.output_scale: 2.077907e-02
  act_scale  bert.encoder.layers.10.attention.k.output_scale: 2.152050e-02
  act_scale  bert.encoder.layers.10.attention.v.output_scale: 2.260059e-02
  act_scale  bert.encoder.layers.10.attention.softmax.output_scale: 1.371128e-03
  act_scale  bert.encoder.layers.10.attention.ctx.output_scale: 1.263904e-02
  act_scale  bert.encoder.layers.10.attention.out.output_scale: 8.686395e-03
  act_scale  bert.encoder.layers.10.residual1.x_scale: 4.480163e-02
  act_scale  bert.encoder.layers.10.residual1.attn_scale: 8.686395e-03
  act_scale  bert.encoder.layers.10.attn_layer_norm.output_scale: 4.430768e-02
  act_scale  bert.encoder.layers.10.ffn.gcu.output_scale: 2.140171e-02
  act_scale  bert.encoder.layers.10.ffn.dense_2.output_scale: 2.151568e-02
  act_scale  bert.encoder.layers.10.residual2.x_scale: 4.430768e-02
  act_scale  bert.encoder.layers.10.residual2.ffn_scale: 2.151568e-02
  act_scale  bert.encoder.layers.10.ffn_layer_norm.output_scale: 4.674687e-02
  act_scale  bert.encoder.layers.11.attention.q.output_scale: 2.047663e-02
  act_scale  bert.encoder.layers.11.attention.k.output_scale: 2.035163e-02
  act_scale  bert.encoder.layers.11.attention.v.output_scale: 2.547915e-02
  act_scale  bert.encoder.layers.11.attention.softmax.output_scale: 1.387949e-03
  act_scale  bert.encoder.layers.11.attention.ctx.output_scale: 1.357146e-02
  act_scale  bert.encoder.layers.11.attention.out.output_scale: 8.748825e-03
  act_scale  bert.encoder.layers.11.residual1.x_scale: 4.674687e-02
  act_scale  bert.encoder.layers.11.residual1.attn_scale: 8.748825e-03
  act_scale  bert.encoder.layers.11.attn_layer_norm.output_scale: 4.810386e-02
  act_scale  bert.encoder.layers.11.ffn.gcu.output_scale: 2.215720e-02
  act_scale  bert.encoder.layers.11.ffn.dense_2.output_scale: 2.507437e-02
  act_scale  bert.encoder.layers.11.residual2.x_scale: 4.810386e-02
  act_scale  bert.encoder.layers.11.residual2.ffn_scale: 2.507436e-02
  act_scale  bert.encoder.layers.11.ffn_layer_norm.output_scale: 5.173797e-02