======================================================================
EXTRACTING WEIGHTS AND SCALES FOR HARDWARE
======================================================================
  bert.embeddings.word_embeddings.weight: weight_scale=4.336633e-02, input_scale=1.0 (default)
  bert.embeddings.position_embeddings.weight: weight_scale=3.797918e-02, input_scale=1.0 (default)
  bert.embeddings.token_type_embeddings.weight: weight_scale=2.856932e-02, input_scale=1.0 (default)
  bert.embeddings.LayerNorm.bias: FP32 (fallback)
  bert.encoder.layers.0.attention.q.weight: weight_scale=2.832255e-04, input_scale=3.537458e-02
  bert.encoder.layers.0.attention.q.bias: INT8, bias_scale=2.827986e-04
  bert.encoder.layers.0.attention.k.weight: weight_scale=2.832251e-04, input_scale=3.537458e-02
  bert.encoder.layers.0.attention.k.bias: INT8, bias_scale=2.830578e-04
  bert.encoder.layers.0.attention.v.weight: weight_scale=4.151628e-04, input_scale=3.537458e-02
  bert.encoder.layers.0.attention.v.bias: INT8, bias_scale=2.950199e-04
  bert.encoder.layers.0.attention.out.weight: weight_scale=3.675210e-04, input_scale=6.928443e-03
  bert.encoder.layers.0.attention.out.bias: INT8, bias_scale=3.304250e-04
  bert.encoder.layers.0.attn_layer_norm.bias: FP32 (fallback)
  bert.encoder.layers.0.ffn.dense_1.weight: weight_scale=4.408174e-04, input_scale=3.360212e-02
  bert.encoder.layers.0.ffn.dense_1.bias: INT8, bias_scale=3.097350e-04
  bert.encoder.layers.0.ffn.dense_2.weight: weight_scale=2.621210e-04, input_scale=1.753290e-02
  bert.encoder.layers.0.ffn.dense_2.bias: INT8, bias_scale=1.891432e-04
  bert.encoder.layers.0.ffn_layer_norm.bias: FP32 (fallback)
  bert.encoder.layers.1.attention.q.weight: weight_scale=2.832261e-04, input_scale=3.645453e-02
  bert.encoder.layers.1.attention.q.bias: INT8, bias_scale=2.826313e-04
  bert.encoder.layers.1.attention.k.weight: weight_scale=2.832260e-04, input_scale=3.645453e-02
  bert.encoder.layers.1.attention.k.bias: INT8, bias_scale=2.823235e-04
  bert.encoder.layers.1.attention.v.weight: weight_scale=3.637187e-04, input_scale=3.645453e-02
  bert.encoder.layers.1.attention.v.bias: INT8, bias_scale=3.107926e-04
  bert.encoder.layers.1.attention.out.weight: weight_scale=3.711236e-04, input_scale=9.207768e-03
  bert.encoder.layers.1.attention.out.bias: INT8, bias_scale=2.910597e-04
  bert.encoder.layers.1.attn_layer_norm.bias: FP32 (fallback)
  bert.encoder.layers.1.ffn.dense_1.weight: weight_scale=4.399296e-04, input_scale=3.545646e-02
  bert.encoder.layers.1.ffn.dense_1.bias: INT8, bias_scale=3.166910e-04
  bert.encoder.layers.1.ffn.dense_2.weight: weight_scale=2.985069e-04, input_scale=1.935930e-02
  bert.encoder.layers.1.ffn.dense_2.bias: INT8, bias_scale=1.596764e-04
  bert.encoder.layers.1.ffn_layer_norm.bias: FP32 (fallback)
  bert.encoder.layers.2.attention.q.weight: weight_scale=2.832255e-04, input_scale=3.450720e-02
  bert.encoder.layers.2.attention.q.bias: INT8, bias_scale=2.831840e-04
  bert.encoder.layers.2.attention.k.weight: weight_scale=2.832255e-04, input_scale=3.450720e-02
  bert.encoder.layers.2.attention.k.bias: INT8, bias_scale=2.829390e-04
  bert.encoder.layers.2.attention.v.weight: weight_scale=3.737918e-04, input_scale=3.450720e-02
  bert.encoder.layers.2.attention.v.bias: INT8, bias_scale=2.994443e-04
  bert.encoder.layers.2.attention.out.weight: weight_scale=3.584572e-04, input_scale=1.086389e-02
  bert.encoder.layers.2.attention.out.bias: INT8, bias_scale=3.101082e-04
  bert.encoder.layers.2.attn_layer_norm.bias: FP32 (fallback)
  bert.encoder.layers.2.ffn.dense_1.weight: weight_scale=4.478945e-04, input_scale=3.326754e-02
  bert.encoder.layers.2.ffn.dense_1.bias: INT8, bias_scale=3.234418e-04
  bert.encoder.layers.2.ffn.dense_2.weight: weight_scale=3.071831e-04, input_scale=2.676237e-02
  bert.encoder.layers.2.ffn.dense_2.bias: INT8, bias_scale=1.691404e-04
  bert.encoder.layers.2.ffn_layer_norm.bias: FP32 (fallback)
  bert.encoder.layers.3.attention.q.weight: weight_scale=2.832257e-04, input_scale=3.805083e-02
  bert.encoder.layers.3.attention.q.bias: INT8, bias_scale=2.824948e-04
  bert.encoder.layers.3.attention.k.weight: weight_scale=2.832258e-04, input_scale=3.805083e-02
  bert.encoder.layers.3.attention.k.bias: INT8, bias_scale=2.829710e-04
  bert.encoder.layers.3.attention.v.weight: weight_scale=3.844053e-04, input_scale=3.805083e-02
  bert.encoder.layers.3.attention.v.bias: INT8, bias_scale=2.993162e-04
  bert.encoder.layers.3.attention.out.weight: weight_scale=3.812635e-04, input_scale=1.053246e-02
  bert.encoder.layers.3.attention.out.bias: INT8, bias_scale=2.990972e-04
  bert.encoder.layers.3.attn_layer_norm.bias: FP32 (fallback)
  bert.encoder.layers.3.ffn.dense_1.weight: weight_scale=4.649130e-04, input_scale=3.497629e-02
  bert.encoder.layers.3.ffn.dense_1.bias: INT8, bias_scale=3.257867e-04
  bert.encoder.layers.3.ffn.dense_2.weight: weight_scale=2.799125e-04, input_scale=3.096223e-02
  bert.encoder.layers.3.ffn.dense_2.bias: INT8, bias_scale=1.561424e-04
  bert.encoder.layers.3.ffn_layer_norm.bias: FP32 (fallback)
  bert.encoder.layers.4.attention.q.weight: weight_scale=2.832258e-04, input_scale=3.867377e-02
  bert.encoder.layers.4.attention.q.bias: INT8, bias_scale=2.831149e-04
  bert.encoder.layers.4.attention.k.weight: weight_scale=2.832262e-04, input_scale=3.867377e-02
  bert.encoder.layers.4.attention.k.bias: INT8, bias_scale=2.827872e-04
  bert.encoder.layers.4.attention.v.weight: weight_scale=3.692438e-04, input_scale=3.867377e-02
  bert.encoder.layers.4.attention.v.bias: INT8, bias_scale=3.058242e-04
  bert.encoder.layers.4.attention.out.weight: weight_scale=3.566451e-04, input_scale=1.555544e-02
  bert.encoder.layers.4.attention.out.bias: INT8, bias_scale=2.966919e-04
  bert.encoder.layers.4.attn_layer_norm.bias: FP32 (fallback)
  bert.encoder.layers.4.ffn.dense_1.weight: weight_scale=4.262374e-04, input_scale=3.682349e-02
  bert.encoder.layers.4.ffn.dense_1.bias: INT8, bias_scale=3.199335e-04
  bert.encoder.layers.4.ffn.dense_2.weight: weight_scale=2.646694e-04, input_scale=4.026710e-02
  bert.encoder.layers.4.ffn.dense_2.bias: INT8, bias_scale=1.543323e-04
  bert.encoder.layers.4.ffn_layer_norm.bias: FP32 (fallback)
  bert.encoder.layers.5.attention.q.weight: weight_scale=2.832251e-04, input_scale=4.076943e-02
  bert.encoder.layers.5.attention.q.bias: INT8, bias_scale=2.830731e-04
  bert.encoder.layers.5.attention.k.weight: weight_scale=2.832259e-04, input_scale=4.076943e-02
  bert.encoder.layers.5.attention.k.bias: INT8, bias_scale=2.831844e-04
  bert.encoder.layers.5.attention.v.weight: weight_scale=3.623964e-04, input_scale=4.076943e-02
  bert.encoder.layers.5.attention.v.bias: INT8, bias_scale=2.948167e-04
  bert.encoder.layers.5.attention.out.weight: weight_scale=3.464390e-04, input_scale=1.276453e-02
  bert.encoder.layers.5.attention.out.bias: INT8, bias_scale=2.874212e-04
  bert.encoder.layers.5.attn_layer_norm.bias: FP32 (fallback)
  bert.encoder.layers.5.ffn.dense_1.weight: weight_scale=4.257116e-04, input_scale=3.866222e-02
  bert.encoder.layers.5.ffn.dense_1.bias: INT8, bias_scale=3.250347e-04
  bert.encoder.layers.5.ffn.dense_2.weight: weight_scale=2.496763e-04, input_scale=4.414987e-02
  bert.encoder.layers.5.ffn.dense_2.bias: INT8, bias_scale=1.629701e-04
  bert.encoder.layers.5.ffn_layer_norm.bias: FP32 (fallback)
  bert.encoder.layers.6.attention.q.weight: weight_scale=2.832258e-04, input_scale=4.167941e-02
  bert.encoder.layers.6.attention.q.bias: INT8, bias_scale=2.825476e-04
  bert.encoder.layers.6.attention.k.weight: weight_scale=2.832260e-04, input_scale=4.167941e-02
  bert.encoder.layers.6.attention.k.bias: INT8, bias_scale=2.830487e-04
  bert.encoder.layers.6.attention.v.weight: weight_scale=3.501496e-04, input_scale=4.167941e-02
  bert.encoder.layers.6.attention.v.bias: INT8, bias_scale=3.035529e-04
  bert.encoder.layers.6.attention.out.weight: weight_scale=3.460381e-04, input_scale=1.081385e-02
  bert.encoder.layers.6.attention.out.bias: INT8, bias_scale=3.021954e-04
  bert.encoder.layers.6.attn_layer_norm.bias: FP32 (fallback)
  bert.encoder.layers.6.ffn.dense_1.weight: weight_scale=3.990306e-04, input_scale=4.344188e-02
  bert.encoder.layers.6.ffn.dense_1.bias: INT8, bias_scale=3.278225e-04
  bert.encoder.layers.6.ffn.dense_2.weight: weight_scale=2.428291e-04, input_scale=4.549946e-02
  bert.encoder.layers.6.ffn.dense_2.bias: INT8, bias_scale=1.574809e-04
  bert.encoder.layers.6.ffn_layer_norm.bias: FP32 (fallback)
  bert.encoder.layers.7.attention.q.weight: weight_scale=2.832261e-04, input_scale=4.700022e-02
  bert.encoder.layers.7.attention.q.bias: INT8, bias_scale=2.830741e-04
  bert.encoder.layers.7.attention.k.weight: weight_scale=2.832253e-04, input_scale=4.700022e-02
  bert.encoder.layers.7.attention.k.bias: INT8, bias_scale=2.829862e-04
  bert.encoder.layers.7.attention.v.weight: weight_scale=3.424600e-04, input_scale=4.700022e-02
  bert.encoder.layers.7.attention.v.bias: INT8, bias_scale=3.003282e-04
  bert.encoder.layers.7.attention.out.weight: weight_scale=3.512829e-04, input_scale=1.211577e-02
  bert.encoder.layers.7.attention.out.bias: INT8, bias_scale=2.970092e-04
  bert.encoder.layers.7.attn_layer_norm.bias: FP32 (fallback)
  bert.encoder.layers.7.ffn.dense_1.weight: weight_scale=3.923626e-04, input_scale=4.777141e-02
  bert.encoder.layers.7.ffn.dense_1.bias: INT8, bias_scale=3.340932e-04
  bert.encoder.layers.7.ffn.dense_2.weight: weight_scale=2.382650e-04, input_scale=4.310609e-02
  bert.encoder.layers.7.ffn.dense_2.bias: INT8, bias_scale=1.546452e-04
  bert.encoder.layers.7.ffn_layer_norm.bias: FP32 (fallback)
  bert.encoder.layers.8.attention.q.weight: weight_scale=2.832254e-04, input_scale=5.132993e-02
  bert.encoder.layers.8.attention.q.bias: INT8, bias_scale=2.821916e-04
  bert.encoder.layers.8.attention.k.weight: weight_scale=2.832260e-04, input_scale=5.132993e-02
  bert.encoder.layers.8.attention.k.bias: INT8, bias_scale=2.831419e-04
  bert.encoder.layers.8.attention.v.weight: weight_scale=3.468325e-04, input_scale=5.132993e-02
  bert.encoder.layers.8.attention.v.bias: INT8, bias_scale=2.937794e-04
  bert.encoder.layers.8.attention.out.weight: weight_scale=3.579443e-04, input_scale=1.271834e-02
  bert.encoder.layers.8.attention.out.bias: INT8, bias_scale=3.008381e-04
  bert.encoder.layers.8.attn_layer_norm.bias: FP32 (fallback)
  bert.encoder.layers.8.ffn.dense_1.weight: weight_scale=3.875376e-04, input_scale=5.494519e-02
  bert.encoder.layers.8.ffn.dense_1.bias: INT8, bias_scale=3.383518e-04
  bert.encoder.layers.8.ffn.dense_2.weight: weight_scale=2.348675e-04, input_scale=3.710760e-02
  bert.encoder.layers.8.ffn.dense_2.bias: INT8, bias_scale=1.714167e-04
  bert.encoder.layers.8.ffn_layer_norm.bias: FP32 (fallback)
  bert.encoder.layers.9.attention.q.weight: weight_scale=2.832258e-04, input_scale=5.736803e-02
  bert.encoder.layers.9.attention.q.bias: INT8, bias_scale=2.831875e-04
  bert.encoder.layers.9.attention.k.weight: weight_scale=2.832257e-04, input_scale=5.736803e-02
  bert.encoder.layers.9.attention.k.bias: INT8, bias_scale=2.819470e-04
  bert.encoder.layers.9.attention.v.weight: weight_scale=3.507990e-04, input_scale=5.736803e-02
  bert.encoder.layers.9.attention.v.bias: INT8, bias_scale=2.921390e-04
  bert.encoder.layers.9.attention.out.weight: weight_scale=3.479832e-04, input_scale=1.378904e-02
  bert.encoder.layers.9.attention.out.bias: INT8, bias_scale=3.081950e-04
  bert.encoder.layers.9.attn_layer_norm.bias: FP32 (fallback)
  bert.encoder.layers.9.ffn.dense_1.weight: weight_scale=3.868802e-04, input_scale=5.894076e-02
  bert.encoder.layers.9.ffn.dense_1.bias: INT8, bias_scale=3.303979e-04
  bert.encoder.layers.9.ffn.dense_2.weight: weight_scale=2.348575e-04, input_scale=3.133114e-02
  bert.encoder.layers.9.ffn.dense_2.bias: INT8, bias_scale=1.596839e-04
  bert.encoder.layers.9.ffn_layer_norm.bias: FP32 (fallback)
  bert.encoder.layers.10.attention.q.weight: weight_scale=2.832260e-04, input_scale=6.083799e-02
  bert.encoder.layers.10.attention.q.bias: INT8, bias_scale=2.820006e-04
  bert.encoder.layers.10.attention.k.weight: weight_scale=2.832258e-04, input_scale=6.083799e-02
  bert.encoder.layers.10.attention.k.bias: INT8, bias_scale=2.826282e-04
  bert.encoder.layers.10.attention.v.weight: weight_scale=3.500569e-04, input_scale=6.083799e-02
  bert.encoder.layers.10.attention.v.bias: INT8, bias_scale=2.978814e-04
  bert.encoder.layers.10.attention.out.weight: weight_scale=3.439197e-04, input_scale=1.556074e-02
  bert.encoder.layers.10.attention.out.bias: INT8, bias_scale=2.906119e-04
  bert.encoder.layers.10.attn_layer_norm.bias: FP32 (fallback)
  bert.encoder.layers.10.ffn.dense_1.weight: weight_scale=3.785182e-04, input_scale=5.898242e-02
  bert.encoder.layers.10.ffn.dense_1.bias: INT8, bias_scale=3.381525e-04
  bert.encoder.layers.10.ffn.dense_2.weight: weight_scale=2.254166e-04, input_scale=3.313368e-02
  bert.encoder.layers.10.ffn.dense_2.bias: INT8, bias_scale=1.766894e-04
  bert.encoder.layers.10.ffn_layer_norm.bias: FP32 (fallback)
  bert.encoder.layers.11.attention.q.weight: weight_scale=2.832253e-04, input_scale=5.977618e-02
  bert.encoder.layers.11.attention.q.bias: INT8, bias_scale=2.830654e-04
  bert.encoder.layers.11.attention.k.weight: weight_scale=2.832262e-04, input_scale=5.977618e-02
  bert.encoder.layers.11.attention.k.bias: INT8, bias_scale=2.832017e-04
  bert.encoder.layers.11.attention.v.weight: weight_scale=3.551074e-04, input_scale=5.977618e-02
  bert.encoder.layers.11.attention.v.bias: INT8, bias_scale=3.014706e-04
  bert.encoder.layers.11.attention.out.weight: weight_scale=3.499835e-04, input_scale=1.837157e-02
  bert.encoder.layers.11.attention.out.bias: INT8, bias_scale=3.104546e-04
  bert.encoder.layers.11.attn_layer_norm.bias: FP32 (fallback)
  bert.encoder.layers.11.ffn.dense_1.weight: weight_scale=3.702305e-04, input_scale=5.739476e-02
  bert.encoder.layers.11.ffn.dense_1.bias: INT8, bias_scale=3.299670e-04
  bert.encoder.layers.11.ffn.dense_2.weight: weight_scale=2.230064e-04, input_scale=2.540020e-02
  bert.encoder.layers.11.ffn.dense_2.bias: INT8, bias_scale=1.679202e-04
  bert.encoder.layers.11.ffn_layer_norm.bias: FP32 (fallback)
  bert.pooler.weight: weight_scale=3.262581e-04, input_scale=1.0 (default)
  bert.pooler.bias: INT8, bias_scale=3.067344e-04
  classifier.weight: weight_scale=2.727279e-04, input_scale=7.844670e-03
  classifier.bias: INT8, bias_scale=2.196283e-04

======================================================================
ACTIVATION OUTPUT SCALES (per INT8 tensor)
======================================================================
  bert.encoder.layers.0.attention.q.input: 3.537458e-02  (p95=3.917988e-02, n=55)
  bert.encoder.layers.0.attention.q.weight: 2.832255e-04  (p95=2.832255e-04, n=55)
  attn_Lbert.encoder.layers.0.attention.q.q_proj: 2.070348e-02  (p95=2.276806e-02, n=55)
  bert.encoder.layers.0.attention.k.input: 3.537458e-02  (p95=3.917988e-02, n=55)
  bert.encoder.layers.0.attention.k.weight: 2.832251e-04  (p95=2.832251e-04, n=55)
  attn_Lbert.encoder.layers.0.attention.k.k_proj: 2.296357e-02  (p95=2.329639e-02, n=55)
  bert.encoder.layers.0.attention.v.input: 3.537458e-02  (p95=3.917988e-02, n=55)
  bert.encoder.layers.0.attention.v.weight: 4.151628e-04  (p95=4.151628e-04, n=55)
  attn_Lbert.encoder.layers.0.attention.v.v_proj: 1.881530e-02  (p95=2.029540e-02, n=55)
  attn_Lbert.encoder.layers.0.attention.out.context: 6.928443e-03  (p95=7.818747e-03, n=55)
  bert.encoder.layers.0.attention.out.input: 6.928443e-03  (p95=7.818747e-03, n=55)
  bert.encoder.layers.0.attention.out.weight: 3.675210e-04  (p95=3.675210e-04, n=55)
  attn_Lbert.encoder.layers.0.attention.out.wo_out: 4.789915e-03  (p95=5.369112e-03, n=55)
  L0.res1.x: 3.537458e-02  (p95=3.917988e-02, n=55)
  L0.res1.attn: 4.789915e-03  (p95=5.369112e-03, n=55)
  L0.ln1_out: 3.606389e-02  (p95=3.904530e-02, n=55)
  bert.encoder.layers.0.ffn.dense_1.input: 3.360212e-02  (p95=3.801400e-02, n=220)
  bert.encoder.layers.0.ffn.dense_1.weight: 4.408174e-04  (p95=4.408174e-04, n=220)
  ffn_Lbert.encoder.layers.0.ffn.dense_1.gcu_out: 1.823285e-02  (p95=1.998359e-02, n=55)
  bert.encoder.layers.0.ffn.dense_2.input: 1.753290e-02  (p95=1.898968e-02, n=220)
  bert.encoder.layers.0.ffn.dense_2.weight: 2.621210e-04  (p95=2.621210e-04, n=220)
  ffn_Lbert.encoder.layers.0.ffn.dense_2.ffn2_out: 1.172149e-02  (p95=1.239326e-02, n=55)
  L0.res2.x: 3.606389e-02  (p95=3.904530e-02, n=55)
  L0.res2.ffn: 1.172149e-02  (p95=1.239326e-02, n=55)
  L0.ln2_out: 3.645454e-02  (p95=3.931111e-02, n=55)
  bert.encoder.layers.1.attention.q.input: 3.645454e-02  (p95=3.931111e-02, n=55)
  bert.encoder.layers.1.attention.q.weight: 2.832261e-04  (p95=2.832261e-04, n=55)
  attn_Lbert.encoder.layers.1.attention.q.q_proj: 2.149115e-02  (p95=2.291729e-02, n=55)
  bert.encoder.layers.1.attention.k.input: 3.645454e-02  (p95=3.931111e-02, n=55)
  bert.encoder.layers.1.attention.k.weight: 2.832260e-04  (p95=2.832260e-04, n=55)
  attn_Lbert.encoder.layers.1.attention.k.k_proj: 2.177242e-02  (p95=2.355932e-02, n=55)
  bert.encoder.layers.1.attention.v.input: 3.645454e-02  (p95=3.931111e-02, n=55)
  bert.encoder.layers.1.attention.v.weight: 3.637187e-04  (p95=3.637187e-04, n=55)
  attn_Lbert.encoder.layers.1.attention.v.v_proj: 2.265309e-02  (p95=2.814668e-02, n=55)
  attn_Lbert.encoder.layers.1.attention.out.context: 9.207767e-03  (p95=1.261696e-02, n=55)
  bert.encoder.layers.1.attention.out.input: 9.207767e-03  (p95=1.261696e-02, n=55)
  bert.encoder.layers.1.attention.out.weight: 3.711236e-04  (p95=3.711236e-04, n=55)
  attn_Lbert.encoder.layers.1.attention.out.wo_out: 8.968914e-03  (p95=1.370028e-02, n=55)
  L1.res1.x: 3.645454e-02  (p95=3.931111e-02, n=55)
  L1.res1.attn: 8.968914e-03  (p95=1.370028e-02, n=55)
  L1.ln1_out: 3.638441e-02  (p95=3.829583e-02, n=55)
  bert.encoder.layers.1.ffn.dense_1.input: 3.545646e-02  (p95=3.740864e-02, n=220)
  bert.encoder.layers.1.ffn.dense_1.weight: 4.399296e-04  (p95=4.399296e-04, n=220)
  ffn_Lbert.encoder.layers.1.ffn.dense_1.gcu_out: 2.444359e-02  (p95=2.877962e-02, n=55)
  bert.encoder.layers.1.ffn.dense_2.input: 1.935930e-02  (p95=2.713651e-02, n=220)
  bert.encoder.layers.1.ffn.dense_2.weight: 2.985069e-04  (p95=2.985069e-04, n=220)
  ffn_Lbert.encoder.layers.1.ffn.dense_2.ffn2_out: 3.097155e-02  (p95=4.217841e-02, n=55)
  L1.res2.x: 3.638441e-02  (p95=3.829583e-02, n=55)
  L1.res2.ffn: 3.097155e-02  (p95=4.217841e-02, n=55)
  L1.ln2_out: 3.450720e-02  (p95=3.749263e-02, n=55)
  bert.encoder.layers.2.attention.q.input: 3.450720e-02  (p95=3.749263e-02, n=55)
  bert.encoder.layers.2.attention.q.weight: 2.832255e-04  (p95=2.832255e-04, n=55)
  attn_Lbert.encoder.layers.2.attention.q.q_proj: 2.119530e-02  (p95=2.268394e-02, n=55)
  bert.encoder.layers.2.attention.k.input: 3.450720e-02  (p95=3.749263e-02, n=55)
  bert.encoder.layers.2.attention.k.weight: 2.832255e-04  (p95=2.832255e-04, n=55)
  attn_Lbert.encoder.layers.2.attention.k.k_proj: 2.077223e-02  (p95=2.277061e-02, n=55)
  bert.encoder.layers.2.attention.v.input: 3.450720e-02  (p95=3.749263e-02, n=55)
  bert.encoder.layers.2.attention.v.weight: 3.737918e-04  (p95=3.737918e-04, n=55)
  attn_Lbert.encoder.layers.2.attention.v.v_proj: 2.439427e-02  (p95=2.704149e-02, n=55)
  attn_Lbert.encoder.layers.2.attention.out.context: 1.086389e-02  (p95=1.251181e-02, n=55)
  bert.encoder.layers.2.attention.out.input: 1.086389e-02  (p95=1.251181e-02, n=55)
  bert.encoder.layers.2.attention.out.weight: 3.584572e-04  (p95=3.584571e-04, n=55)
  attn_Lbert.encoder.layers.2.attention.out.wo_out: 1.348849e-02  (p95=1.574659e-02, n=55)
  L2.res1.x: 3.450720e-02  (p95=3.749263e-02, n=55)
  L2.res1.attn: 1.348849e-02  (p95=1.574659e-02, n=55)
  L2.ln1_out: 3.505335e-02  (p95=3.784791e-02, n=55)
  bert.encoder.layers.2.ffn.dense_1.input: 3.326754e-02  (p95=3.668239e-02, n=220)
  bert.encoder.layers.2.ffn.dense_1.weight: 4.478945e-04  (p95=4.478945e-04, n=220)
  ffn_Lbert.encoder.layers.2.ffn.dense_1.gcu_out: 4.078117e-02  (p95=4.636640e-02, n=55)
  bert.encoder.layers.2.ffn.dense_2.input: 2.676237e-02  (p95=4.462265e-02, n=220)
  bert.encoder.layers.2.ffn.dense_2.weight: 3.071831e-04  (p95=3.071831e-04, n=220)
  ffn_Lbert.encoder.layers.2.ffn.dense_2.ffn2_out: 9.661429e-02  (p95=1.133865e-01, n=55)
  L2.res2.x: 3.505335e-02  (p95=3.784791e-02, n=55)
  L2.res2.ffn: 9.661429e-02  (p95=1.133865e-01, n=55)
  L2.ln2_out: 3.805083e-02  (p95=4.049709e-02, n=55)
  bert.encoder.layers.3.attention.q.input: 3.805083e-02  (p95=4.049709e-02, n=55)
  bert.encoder.layers.3.attention.q.weight: 2.832257e-04  (p95=2.832257e-04, n=55)
  attn_Lbert.encoder.layers.3.attention.q.q_proj: 2.091173e-02  (p95=2.212542e-02, n=55)
  bert.encoder.layers.3.attention.k.input: 3.805083e-02  (p95=4.049709e-02, n=55)
  bert.encoder.layers.3.attention.k.weight: 2.832258e-04  (p95=2.832258e-04, n=55)
  attn_Lbert.encoder.layers.3.attention.k.k_proj: 2.092091e-02  (p95=2.242788e-02, n=55)
  bert.encoder.layers.3.attention.v.input: 3.805083e-02  (p95=4.049709e-02, n=55)
  bert.encoder.layers.3.attention.v.weight: 3.844053e-04  (p95=3.844053e-04, n=55)
  attn_Lbert.encoder.layers.3.attention.v.v_proj: 4.124684e-02  (p95=4.592526e-02, n=55)
  attn_Lbert.encoder.layers.3.attention.out.context: 1.053246e-02  (p95=1.918044e-02, n=55)
  bert.encoder.layers.3.attention.out.input: 1.053246e-02  (p95=1.918044e-02, n=55)
  bert.encoder.layers.3.attention.out.weight: 3.812635e-04  (p95=3.812635e-04, n=55)
  attn_Lbert.encoder.layers.3.attention.out.wo_out: 6.772599e-03  (p95=1.716611e-02, n=55)
  L3.res1.x: 3.805083e-02  (p95=4.049709e-02, n=55)
  L3.res1.attn: 6.772599e-03  (p95=1.716611e-02, n=55)
  L3.ln1_out: 3.771175e-02  (p95=4.033023e-02, n=55)
  bert.encoder.layers.3.ffn.dense_1.input: 3.497630e-02  (p95=3.878070e-02, n=220)
  bert.encoder.layers.3.ffn.dense_1.weight: 4.649130e-04  (p95=4.649130e-04, n=220)
  ffn_Lbert.encoder.layers.3.ffn.dense_1.gcu_out: 5.442008e-02  (p95=5.556976e-02, n=55)
  bert.encoder.layers.3.ffn.dense_2.input: 3.096223e-02  (p95=5.496373e-02, n=220)
  bert.encoder.layers.3.ffn.dense_2.weight: 2.799125e-04  (p95=2.799125e-04, n=220)
  ffn_Lbert.encoder.layers.3.ffn.dense_2.ffn2_out: 1.223656e-01  (p95=1.241532e-01, n=55)
  L3.res2.x: 3.771175e-02  (p95=4.033023e-02, n=55)
  L3.res2.ffn: 1.223656e-01  (p95=1.241532e-01, n=55)
  L3.ln2_out: 3.867377e-02  (p95=4.189349e-02, n=55)
  bert.encoder.layers.4.attention.q.input: 3.867377e-02  (p95=4.189349e-02, n=55)
  bert.encoder.layers.4.attention.q.weight: 2.832258e-04  (p95=2.832258e-04, n=55)
  attn_Lbert.encoder.layers.4.attention.q.q_proj: 2.082272e-02  (p95=2.290613e-02, n=55)
  bert.encoder.layers.4.attention.k.input: 3.867377e-02  (p95=4.189349e-02, n=55)
  bert.encoder.layers.4.attention.k.weight: 2.832262e-04  (p95=2.832262e-04, n=55)
  attn_Lbert.encoder.layers.4.attention.k.k_proj: 2.483379e-02  (p95=2.527247e-02, n=55)
  bert.encoder.layers.4.attention.v.input: 3.867377e-02  (p95=4.189349e-02, n=55)
  bert.encoder.layers.4.attention.v.weight: 3.692438e-04  (p95=3.692438e-04, n=55)
  attn_Lbert.encoder.layers.4.attention.v.v_proj: 5.482586e-02  (p95=5.530274e-02, n=55)
  attn_Lbert.encoder.layers.4.attention.out.context: 1.555543e-02  (p95=2.345111e-02, n=55)
  bert.encoder.layers.4.attention.out.input: 1.555543e-02  (p95=2.345111e-02, n=55)
  bert.encoder.layers.4.attention.out.weight: 3.566451e-04  (p95=3.566451e-04, n=55)
  attn_Lbert.encoder.layers.4.attention.out.wo_out: 8.721692e-03  (p95=1.394961e-02, n=55)
  L4.res1.x: 3.867377e-02  (p95=4.189349e-02, n=55)
  L4.res1.attn: 8.721692e-03  (p95=1.394961e-02, n=55)
  L4.ln1_out: 4.120680e-02  (p95=4.270221e-02, n=55)
  bert.encoder.layers.4.ffn.dense_1.input: 3.682349e-02  (p95=4.188459e-02, n=220)
  bert.encoder.layers.4.ffn.dense_1.weight: 4.262374e-04  (p95=4.262374e-04, n=220)
  ffn_Lbert.encoder.layers.4.ffn.dense_1.gcu_out: 5.011972e-02  (p95=5.046055e-02, n=55)
  bert.encoder.layers.4.ffn.dense_2.input: 4.026710e-02  (p95=5.033441e-02, n=220)
  bert.encoder.layers.4.ffn.dense_2.weight: 2.646694e-04  (p95=2.646694e-04, n=220)
  ffn_Lbert.encoder.layers.4.ffn.dense_2.ffn2_out: 1.068613e-01  (p95=1.072345e-01, n=55)
  L4.res2.x: 4.120680e-02  (p95=4.270221e-02, n=55)
  L4.res2.ffn: 1.068613e-01  (p95=1.072345e-01, n=55)
  L4.ln2_out: 4.076943e-02  (p95=4.389761e-02, n=55)
  bert.encoder.layers.5.attention.q.input: 4.076943e-02  (p95=4.389761e-02, n=55)
  bert.encoder.layers.5.attention.q.weight: 2.832251e-04  (p95=2.832251e-04, n=55)
  attn_Lbert.encoder.layers.5.attention.q.q_proj: 2.105266e-02  (p95=2.183553e-02, n=55)
  bert.encoder.layers.5.attention.k.input: 4.076943e-02  (p95=4.389761e-02, n=55)
  bert.encoder.layers.5.attention.k.weight: 2.832259e-04  (p95=2.832259e-04, n=55)
  attn_Lbert.encoder.layers.5.attention.k.k_proj: 2.176229e-02  (p95=2.313374e-02, n=55)
  bert.encoder.layers.5.attention.v.input: 4.076943e-02  (p95=4.389761e-02, n=55)
  bert.encoder.layers.5.attention.v.weight: 3.623964e-04  (p95=3.623964e-04, n=55)
  attn_Lbert.encoder.layers.5.attention.v.v_proj: 2.660769e-02  (p95=2.834291e-02, n=55)
  attn_Lbert.encoder.layers.5.attention.out.context: 1.276453e-02  (p95=1.902221e-02, n=55)
  bert.encoder.layers.5.attention.out.input: 1.276453e-02  (p95=1.902221e-02, n=55)
  bert.encoder.layers.5.attention.out.weight: 3.464390e-04  (p95=3.464390e-04, n=55)
  attn_Lbert.encoder.layers.5.attention.out.wo_out: 1.036425e-02  (p95=1.317884e-02, n=55)
  L5.res1.x: 4.076943e-02  (p95=4.389761e-02, n=55)
  L5.res1.attn: 1.036425e-02  (p95=1.317884e-02, n=55)
  L5.ln1_out: 4.123197e-02  (p95=4.350283e-02, n=55)
  bert.encoder.layers.5.ffn.dense_1.input: 3.866222e-02  (p95=4.211260e-02, n=220)
  bert.encoder.layers.5.ffn.dense_1.weight: 4.257116e-04  (p95=4.257116e-04, n=220)
  ffn_Lbert.encoder.layers.5.ffn.dense_1.gcu_out: 4.877771e-02  (p95=5.001984e-02, n=55)
  bert.encoder.layers.5.ffn.dense_2.input: 4.414987e-02  (p95=4.914590e-02, n=220)
  bert.encoder.layers.5.ffn.dense_2.weight: 2.496763e-04  (p95=2.496763e-04, n=220)
  ffn_Lbert.encoder.layers.5.ffn.dense_2.ffn2_out: 8.964375e-02  (p95=8.991148e-02, n=55)
  L5.res2.x: 4.123197e-02  (p95=4.350283e-02, n=55)
  L5.res2.ffn: 8.964375e-02  (p95=8.991148e-02, n=55)
  L5.ln2_out: 4.167941e-02  (p95=4.551688e-02, n=55)
  bert.encoder.layers.6.attention.q.input: 4.167941e-02  (p95=4.551688e-02, n=55)
  bert.encoder.layers.6.attention.q.weight: 2.832258e-04  (p95=2.832258e-04, n=55)
  attn_Lbert.encoder.layers.6.attention.q.q_proj: 2.050973e-02  (p95=2.214325e-02, n=55)
  bert.encoder.layers.6.attention.k.input: 4.167941e-02  (p95=4.551688e-02, n=55)
  bert.encoder.layers.6.attention.k.weight: 2.832260e-04  (p95=2.832260e-04, n=55)
  attn_Lbert.encoder.layers.6.attention.k.k_proj: 2.252143e-02  (p95=2.307870e-02, n=55)
  bert.encoder.layers.6.attention.v.input: 4.167941e-02  (p95=4.551688e-02, n=55)
  bert.encoder.layers.6.attention.v.weight: 3.501496e-04  (p95=3.501496e-04, n=55)
  attn_Lbert.encoder.layers.6.attention.v.v_proj: 2.161955e-02  (p95=2.187234e-02, n=55)
  attn_Lbert.encoder.layers.6.attention.out.context: 1.081385e-02  (p95=1.403584e-02, n=55)
  bert.encoder.layers.6.attention.out.input: 1.081385e-02  (p95=1.403584e-02, n=55)
  bert.encoder.layers.6.attention.out.weight: 3.460381e-04  (p95=3.460381e-04, n=55)
  attn_Lbert.encoder.layers.6.attention.out.wo_out: 8.690719e-03  (p95=1.128500e-02, n=55)
  L6.res1.x: 4.167941e-02  (p95=4.551688e-02, n=55)
  L6.res1.attn: 8.690719e-03  (p95=1.128500e-02, n=55)
  L6.ln1_out: 4.498126e-02  (p95=4.856581e-02, n=55)
  bert.encoder.layers.6.ffn.dense_1.input: 4.344188e-02  (p95=4.703328e-02, n=220)
  bert.encoder.layers.6.ffn.dense_1.weight: 3.990306e-04  (p95=3.990306e-04, n=220)
  ffn_Lbert.encoder.layers.6.ffn.dense_1.gcu_out: 4.850548e-02  (p95=4.880522e-02, n=55)
  bert.encoder.layers.6.ffn.dense_2.input: 4.549946e-02  (p95=4.870096e-02, n=220)
  bert.encoder.layers.6.ffn.dense_2.weight: 2.428291e-04  (p95=2.428291e-04, n=220)
  ffn_Lbert.encoder.layers.6.ffn.dense_2.ffn2_out: 8.999431e-02  (p95=9.041785e-02, n=55)
  L6.res2.x: 4.498126e-02  (p95=4.856581e-02, n=55)
  L6.res2.ffn: 8.999431e-02  (p95=9.041785e-02, n=55)
  L6.ln2_out: 4.700022e-02  (p95=5.040239e-02, n=55)
  bert.encoder.layers.7.attention.q.input: 4.700022e-02  (p95=5.040239e-02, n=55)
  bert.encoder.layers.7.attention.q.weight: 2.832261e-04  (p95=2.832261e-04, n=55)
  attn_Lbert.encoder.layers.7.attention.q.q_proj: 2.035534e-02  (p95=2.220112e-02, n=55)
  bert.encoder.layers.7.attention.k.input: 4.700022e-02  (p95=5.040239e-02, n=55)
  bert.encoder.layers.7.attention.k.weight: 2.832253e-04  (p95=2.832253e-04, n=55)
  attn_Lbert.encoder.layers.7.attention.k.k_proj: 1.987472e-02  (p95=2.156578e-02, n=55)
  bert.encoder.layers.7.attention.v.input: 4.700022e-02  (p95=5.040239e-02, n=55)
  bert.encoder.layers.7.attention.v.weight: 3.424600e-04  (p95=3.424600e-04, n=55)
  attn_Lbert.encoder.layers.7.attention.v.v_proj: 2.242171e-02  (p95=2.376680e-02, n=55)
  attn_Lbert.encoder.layers.7.attention.out.context: 1.211577e-02  (p95=1.529617e-02, n=55)
  bert.encoder.layers.7.attention.out.input: 1.211577e-02  (p95=1.529617e-02, n=55)
  bert.encoder.layers.7.attention.out.weight: 3.512829e-04  (p95=3.512828e-04, n=55)
  attn_Lbert.encoder.layers.7.attention.out.wo_out: 9.279991e-03  (p95=1.470134e-02, n=55)
  L7.res1.x: 4.700022e-02  (p95=5.040239e-02, n=55)
  L7.res1.attn: 9.279991e-03  (p95=1.470134e-02, n=55)
  L7.ln1_out: 4.925334e-02  (p95=5.223415e-02, n=55)
  bert.encoder.layers.7.ffn.dense_1.input: 4.777141e-02  (p95=5.160445e-02, n=220)
  bert.encoder.layers.7.ffn.dense_1.weight: 3.923626e-04  (p95=3.923626e-04, n=220)
  ffn_Lbert.encoder.layers.7.ffn.dense_1.gcu_out: 4.563418e-02  (p95=4.614994e-02, n=55)
  bert.encoder.layers.7.ffn.dense_2.input: 4.310609e-02  (p95=4.590294e-02, n=220)
  bert.encoder.layers.7.ffn.dense_2.weight: 2.382650e-04  (p95=2.382650e-04, n=220)
  ffn_Lbert.encoder.layers.7.ffn.dense_2.ffn2_out: 8.643512e-02  (p95=8.679938e-02, n=55)
  L7.res2.x: 4.925334e-02  (p95=5.223415e-02, n=55)
  L7.res2.ffn: 8.643512e-02  (p95=8.679938e-02, n=55)
  L7.ln2_out: 5.132993e-02  (p95=5.400081e-02, n=55)
  bert.encoder.layers.8.attention.q.input: 5.132993e-02  (p95=5.400081e-02, n=55)
  bert.encoder.layers.8.attention.q.weight: 2.832254e-04  (p95=2.832254e-04, n=55)
  attn_Lbert.encoder.layers.8.attention.q.q_proj: 2.136870e-02  (p95=2.215397e-02, n=55)
  bert.encoder.layers.8.attention.k.input: 5.132993e-02  (p95=5.400081e-02, n=55)
  bert.encoder.layers.8.attention.k.weight: 2.832260e-04  (p95=2.832260e-04, n=55)
  attn_Lbert.encoder.layers.8.attention.k.k_proj: 2.074698e-02  (p95=2.205659e-02, n=55)
  bert.encoder.layers.8.attention.v.input: 5.132993e-02  (p95=5.400081e-02, n=55)
  bert.encoder.layers.8.attention.v.weight: 3.468325e-04  (p95=3.468325e-04, n=55)
  attn_Lbert.encoder.layers.8.attention.v.v_proj: 2.377274e-02  (p95=2.492793e-02, n=55)
  attn_Lbert.encoder.layers.8.attention.out.context: 1.271834e-02  (p95=1.536279e-02, n=55)
  bert.encoder.layers.8.attention.out.input: 1.271834e-02  (p95=1.536279e-02, n=55)
  bert.encoder.layers.8.attention.out.weight: 3.579443e-04  (p95=3.579443e-04, n=55)
  attn_Lbert.encoder.layers.8.attention.out.wo_out: 1.112578e-02  (p95=1.471500e-02, n=55)
  L8.res1.x: 5.132993e-02  (p95=5.400081e-02, n=55)
  L8.res1.attn: 1.112578e-02  (p95=1.471500e-02, n=55)
  L8.ln1_out: 5.631904e-02  (p95=5.830366e-02, n=55)
  bert.encoder.layers.8.ffn.dense_1.input: 5.494519e-02  (p95=5.751247e-02, n=220)
  bert.encoder.layers.8.ffn.dense_1.weight: 3.875376e-04  (p95=3.875375e-04, n=220)
  ffn_Lbert.encoder.layers.8.ffn.dense_1.gcu_out: 4.382214e-02  (p95=4.477280e-02, n=55)
  bert.encoder.layers.8.ffn.dense_2.input: 3.710761e-02  (p95=4.425352e-02, n=220)
  bert.encoder.layers.8.ffn.dense_2.weight: 2.348675e-04  (p95=2.348675e-04, n=220)
  ffn_Lbert.encoder.layers.8.ffn.dense_2.ffn2_out: 6.499804e-02  (p95=6.540943e-02, n=55)
  L8.res2.x: 5.631904e-02  (p95=5.830366e-02, n=55)
  L8.res2.ffn: 6.499804e-02  (p95=6.540943e-02, n=55)
  L8.ln2_out: 5.736803e-02  (p95=5.938183e-02, n=55)
  bert.encoder.layers.9.attention.q.input: 5.736803e-02  (p95=5.938183e-02, n=55)
  bert.encoder.layers.9.attention.q.weight: 2.832258e-04  (p95=2.832258e-04, n=55)
  attn_Lbert.encoder.layers.9.attention.q.q_proj: 1.983097e-02  (p95=2.201015e-02, n=55)
  bert.encoder.layers.9.attention.k.input: 5.736803e-02  (p95=5.938183e-02, n=55)
  bert.encoder.layers.9.attention.k.weight: 2.832257e-04  (p95=2.832257e-04, n=55)
  attn_Lbert.encoder.layers.9.attention.k.k_proj: 1.924841e-02  (p95=2.044104e-02, n=55)
  bert.encoder.layers.9.attention.v.input: 5.736803e-02  (p95=5.938183e-02, n=55)
  bert.encoder.layers.9.attention.v.weight: 3.507990e-04  (p95=3.507990e-04, n=55)
  attn_Lbert.encoder.layers.9.attention.v.v_proj: 2.120492e-02  (p95=2.188772e-02, n=55)
  attn_Lbert.encoder.layers.9.attention.out.context: 1.378904e-02  (p95=1.747450e-02, n=55)
  bert.encoder.layers.9.attention.out.input: 1.378904e-02  (p95=1.747450e-02, n=55)
  bert.encoder.layers.9.attention.out.weight: 3.479832e-04  (p95=3.479832e-04, n=55)
  attn_Lbert.encoder.layers.9.attention.out.wo_out: 1.234416e-02  (p95=1.404434e-02, n=55)
  L9.res1.x: 5.736803e-02  (p95=5.938183e-02, n=55)
  L9.res1.attn: 1.234416e-02  (p95=1.404434e-02, n=55)
  L9.ln1_out: 6.015136e-02  (p95=6.270763e-02, n=55)
  bert.encoder.layers.9.ffn.dense_1.input: 5.894076e-02  (p95=6.183704e-02, n=220)
  bert.encoder.layers.9.ffn.dense_1.weight: 3.868802e-04  (p95=3.868803e-04, n=220)
  ffn_Lbert.encoder.layers.9.ffn.dense_1.gcu_out: 4.017669e-02  (p95=4.127799e-02, n=55)
  bert.encoder.layers.9.ffn.dense_2.input: 3.133114e-02  (p95=4.085722e-02, n=220)
  bert.encoder.layers.9.ffn.dense_2.weight: 2.348575e-04  (p95=2.348575e-04, n=220)
  ffn_Lbert.encoder.layers.9.ffn.dense_2.ffn2_out: 6.778942e-02  (p95=6.818055e-02, n=55)
  L9.res2.x: 6.015136e-02  (p95=6.270763e-02, n=55)
  L9.res2.ffn: 6.778942e-02  (p95=6.818055e-02, n=55)
  L9.ln2_out: 6.083799e-02  (p95=6.305930e-02, n=55)
  bert.encoder.layers.10.attention.q.input: 6.083799e-02  (p95=6.305930e-02, n=55)
  bert.encoder.layers.10.attention.q.weight: 2.832260e-04  (p95=2.832260e-04, n=55)
  attn_Lbert.encoder.layers.10.attention.q.q_proj: 2.001195e-02  (p95=2.098342e-02, n=55)
  bert.encoder.layers.10.attention.k.input: 6.083799e-02  (p95=6.305930e-02, n=55)
  bert.encoder.layers.10.attention.k.weight: 2.832258e-04  (p95=2.832258e-04, n=55)
  attn_Lbert.encoder.layers.10.attention.k.k_proj: 1.987946e-02  (p95=2.128342e-02, n=55)
  bert.encoder.layers.10.attention.v.input: 6.083799e-02  (p95=6.305930e-02, n=55)
  bert.encoder.layers.10.attention.v.weight: 3.500569e-04  (p95=3.500569e-04, n=55)
  attn_Lbert.encoder.layers.10.attention.v.v_proj: 2.539498e-02  (p95=2.596343e-02, n=55)
  attn_Lbert.encoder.layers.10.attention.out.context: 1.556074e-02  (p95=2.236096e-02, n=55)
  bert.encoder.layers.10.attention.out.input: 1.556074e-02  (p95=2.236096e-02, n=55)
  bert.encoder.layers.10.attention.out.weight: 3.439197e-04  (p95=3.439197e-04, n=55)
  attn_Lbert.encoder.layers.10.attention.out.wo_out: 1.483689e-02  (p95=2.010344e-02, n=55)
  L10.res1.x: 6.083799e-02  (p95=6.305930e-02, n=55)
  L10.res1.attn: 1.483689e-02  (p95=2.010344e-02, n=55)
  L10.ln1_out: 6.011076e-02  (p95=6.256274e-02, n=55)
  bert.encoder.layers.10.ffn.dense_1.input: 5.898242e-02  (p95=6.159190e-02, n=220)
  bert.encoder.layers.10.ffn.dense_1.weight: 3.785182e-04  (p95=3.785182e-04, n=220)
  ffn_Lbert.encoder.layers.10.ffn.dense_1.gcu_out: 3.941889e-02  (p95=3.995141e-02, n=55)
  bert.encoder.layers.10.ffn.dense_2.input: 3.313368e-02  (p95=3.964916e-02, n=220)
  bert.encoder.layers.10.ffn.dense_2.weight: 2.254166e-04  (p95=2.254166e-04, n=220)
  ffn_Lbert.encoder.layers.10.ffn.dense_2.ffn2_out: 4.469013e-02  (p95=4.510626e-02, n=55)
  L10.res2.x: 6.011076e-02  (p95=6.256274e-02, n=55)
  L10.res2.ffn: 4.469013e-02  (p95=4.510626e-02, n=55)
  L10.ln2_out: 5.977618e-02  (p95=6.212203e-02, n=55)
  bert.encoder.layers.11.attention.q.input: 5.977618e-02  (p95=6.212203e-02, n=55)
  bert.encoder.layers.11.attention.q.weight: 2.832253e-04  (p95=2.832253e-04, n=55)
  attn_Lbert.encoder.layers.11.attention.q.q_proj: 2.158613e-02  (p95=2.285462e-02, n=55)
  bert.encoder.layers.11.attention.k.input: 5.977618e-02  (p95=6.212203e-02, n=55)
  bert.encoder.layers.11.attention.k.weight: 2.832262e-04  (p95=2.832262e-04, n=55)
  attn_Lbert.encoder.layers.11.attention.k.k_proj: 2.004216e-02  (p95=2.161235e-02, n=55)
  bert.encoder.layers.11.attention.v.input: 5.977618e-02  (p95=6.212203e-02, n=55)
  bert.encoder.layers.11.attention.v.weight: 3.551074e-04  (p95=3.551074e-04, n=55)
  attn_Lbert.encoder.layers.11.attention.v.v_proj: 2.888260e-02  (p95=2.940116e-02, n=55)
  attn_Lbert.encoder.layers.11.attention.out.context: 1.837157e-02  (p95=2.380614e-02, n=55)
  bert.encoder.layers.11.attention.out.input: 1.837157e-02  (p95=2.380614e-02, n=55)
  bert.encoder.layers.11.attention.out.weight: 3.499835e-04  (p95=3.499835e-04, n=55)
  attn_Lbert.encoder.layers.11.attention.out.wo_out: 1.606126e-02  (p95=2.319612e-02, n=55)
  L11.res1.x: 5.977618e-02  (p95=6.212203e-02, n=55)
  L11.res1.attn: 1.606126e-02  (p95=2.319612e-02, n=55)
  L11.ln1_out: 5.855168e-02  (p95=6.080150e-02, n=55)
  bert.encoder.layers.11.ffn.dense_1.input: 5.739476e-02  (p95=6.016841e-02, n=220)
  bert.encoder.layers.11.ffn.dense_1.weight: 3.702305e-04  (p95=3.702305e-04, n=220)
  ffn_Lbert.encoder.layers.11.ffn.dense_1.gcu_out: 2.664916e-02  (p95=2.733357e-02, n=55)
  bert.encoder.layers.11.ffn.dense_2.input: 2.540020e-02  (p95=2.701153e-02, n=220)
  bert.encoder.layers.11.ffn.dense_2.weight: 2.230064e-04  (p95=2.230064e-04, n=220)
  ffn_Lbert.encoder.layers.11.ffn.dense_2.ffn2_out: 2.724406e-02  (p95=2.759161e-02, n=55)
  L11.res2.x: 5.855168e-02  (p95=6.080150e-02, n=55)
  L11.res2.ffn: 2.724406e-02  (p95=2.759161e-02, n=55)
  L11.ln2_out: 5.668621e-02  (p95=5.874002e-02, n=55)
  classifier.input: 7.844670e-03  (p95=7.854614e-03, n=55)
  classifier.weight: 2.727279e-04  (p95=2.727279e-04, n=55)
